<?xml version="1.0" encoding="UTF-8"?>
<testng-results ignored="0" total="1" passed="1" failed="0" skipped="0">
  <reporter-output>
  </reporter-output>
  <suite started-at="2024-03-21T14:59:08 IST" name="Default suite" finished-at="2024-03-21T14:59:21 IST" duration-ms="12461">
    <groups>
    </groups>
    <test started-at="2024-03-21T14:59:08 IST" name="Default test" finished-at="2024-03-21T14:59:21 IST" duration-ms="12461">
      <class name="TestCases.TC01_Login_Test">
        <test-method is-config="true" signature="launchURL()[pri:0, instance:TestCases.TC01_Login_Test@3c419631]" started-at="2024-03-21T14:59:08 IST" name="launchURL" finished-at="2024-03-21T14:59:18 IST" duration-ms="9931" status="PASS">
          <reporter-output>
          </reporter-output>
        </test-method> <!-- launchURL -->
        <test-method is-config="true" signature="loginToAppliacation()[pri:0, instance:TestCases.TC01_Login_Test@3c419631]" started-at="2024-03-21T14:59:18 IST" name="loginToAppliacation" finished-at="2024-03-21T14:59:21 IST" duration-ms="2450" status="PASS">
          <reporter-output>
          </reporter-output>
        </test-method> <!-- loginToAppliacation -->
        <test-method signature="Login()[pri:0, instance:TestCases.TC01_Login_Test@3c419631]" started-at="2024-03-21T14:59:21 IST" name="Login" finished-at="2024-03-21T14:59:21 IST" duration-ms="16" status="PASS">
          <reporter-output>
          </reporter-output>
        </test-method> <!-- Login -->
      </class> <!-- TestCases.TC01_Login_Test -->
    </test> <!-- Default test -->
  </suite> <!-- Default suite -->
</testng-results>
